<?xml version="1.0" encoding="UTF-8"?>
<!-- Generated by org.testng.reporters.JUnitXMLReporter -->
<testsuite ignored="0" hostname="DESKTOP-CCT404T" failures="0" tests="2" name="Default test" time="26.004" errors="0" timestamp="2025-09-07T13:56:24 EDT">
  <testcase classname="com.evaa.vtiger.testcases.LeadsTestScripts" name="vt001VerifyLeadWithRequiredFields" time="14.683"/>
  <testcase classname="com.evaa.vtiger.testcases.LeadsTestScripts" name="vt002VerifyLeadWithAllFields" time="1.976"/>
</testsuite> <!-- Default test -->
